\BOOKMARK [0][-]{chapter*.2}{\376\377\000A\000C\000K\000N\000O\000W\000L\000E\000D\000G\000M\000E\000N\000T\000S}{}% 1
\BOOKMARK [0][-]{chapter*.4}{\376\377\000L\000I\000S\000T\000\040\000O\000F\000\040\000T\000A\000B\000L\000E\000S}{}% 2
\BOOKMARK [0][-]{chapter*.5}{\376\377\000L\000I\000S\000T\000\040\000O\000F\000\040\000F\000I\000G\000U\000R\000E\000S}{}% 3
\BOOKMARK [0][-]{chapter.1}{\376\377\000I\000N\000T\000R\000O\000D\000U\000C\000T\000I\000O\000N}{}% 4
\BOOKMARK [1][-]{section.1.1}{\376\377\000B\000a\000c\000k\000g\000r\000o\000u\000n\000d}{chapter.1}% 5
\BOOKMARK [1][-]{section.1.2}{\376\377\000M\000a\000t\000h\000e\000m\000a\000t\000i\000c\000a\000l\000\040\000P\000r\000e\000l\000i\000m\000i\000n\000a\000r\000i\000e\000s}{chapter.1}% 6
\BOOKMARK [2][-]{subsection.1.2.1}{\376\377\000N\000o\000t\000a\000t\000i\000o\000n}{section.1.2}% 7
\BOOKMARK [2][-]{subsection.1.2.2}{\376\377\000F\000l\000o\000a\000t\000i\000n\000g\000\040\000P\000o\000i\000n\000t\000\040\000A\000r\000i\000t\000h\000m\000e\000t\000i\000c}{section.1.2}% 8
\BOOKMARK [2][-]{subsection.1.2.3}{\376\377\000V\000e\000c\000t\000o\000r\000\040\000N\000o\000r\000m\000s}{section.1.2}% 9
\BOOKMARK [2][-]{subsection.1.2.4}{\376\377\000G\000e\000n\000e\000r\000a\000l\000\040\000M\000a\000t\000r\000i\000x\000\040\000N\000o\000r\000m\000s}{section.1.2}% 10
\BOOKMARK [2][-]{subsection.1.2.5}{\376\377\000C\000o\000n\000d\000i\000t\000i\000o\000n\000i\000n\000g}{section.1.2}% 11
\BOOKMARK [2][-]{subsection.1.2.6}{\376\377\000F\000o\000r\000w\000a\000r\000d\000\040\000a\000n\000d\000\040\000B\000a\000c\000k\000w\000a\000r\000d\000\040\000E\000r\000r\000o\000r\000s}{section.1.2}% 12
\BOOKMARK [2][-]{subsection.1.2.7}{\376\377\000T\000h\000e\000\040\000S\000t\000a\000n\000d\000a\000r\000d\000\040\000E\000i\000g\000e\000n\000v\000a\000l\000u\000e\000\040\000P\000r\000o\000b\000l\000e\000m}{section.1.2}% 13
\BOOKMARK [2][-]{subsection.1.2.8}{\376\377\000T\000h\000e\000\040\000G\000e\000n\000e\000r\000a\000l\000i\000z\000e\000d\000\040\000E\000i\000g\000e\000n\000v\000a\000l\000u\000e\000\040\000P\000r\000o\000b\000l\000e\000m}{section.1.2}% 14
\BOOKMARK [2][-]{subsection.1.2.9}{\376\377\000L\000a\000n\000c\000z\000o\000s\000\040\000A\000l\000g\000o\000r\000i\000t\000h\000m}{section.1.2}% 15
\BOOKMARK [0][-]{chapter.2}{\376\377\000C\000H\000A\000P\000T\000E\000R\000\040\0002\000\040\000T\000I\000T\000L\000E}{}% 16
\BOOKMARK [1][-]{table.2.1}{\376\377\000A\000p\000p\000e\000n\000d\000i\000c\000e\000s}{chapter.2}% 17
\BOOKMARK [1][-]{section.Alph0.1}{\376\377\000S\000o\000m\000e\000t\000h\000i\000n\000g}{chapter.2}% 18
\BOOKMARK [1][-]{section.Alph0.2}{\376\377\000S\000o\000m\000e\000t\000h\000i\000n\000g\000\040\000E\000l\000s\000e}{chapter.2}% 19
\BOOKMARK [0][-]{section*.7}{\376\377\000R\000E\000F\000E\000R\000E\000N\000C\000E\000S}{}% 20
